Debug|Reading config...
Debug|Reading referenced images from 'E:\5.Cloud\Dropbox\Program\amazfit_bit\watchface\led_digital_white_air_pollution'
Trace|Loading images for 2 'Background'
Trace|Loading images for 2.1 'Image'
Trace|Loading image 0...
Trace|Image was loaded from file E:\5.Cloud\Dropbox\Program\amazfit_bit\watchface\led_digital_white_air_pollution\000.png
Trace|Loading images for 3 'Time'
Trace|Loading images for 3.1 'TwoDigits'
Trace|Loading images for 3.1.1 'ImageSet'
Trace|Loading image 1...
Trace|Image was loaded from file E:\5.Cloud\Dropbox\Program\amazfit_bit\watchface\led_digital_white_air_pollution\001.png
Trace|Loading image 2...
Trace|Image was loaded from file E:\5.Cloud\Dropbox\Program\amazfit_bit\watchface\led_digital_white_air_pollution\002.png
Trace|Loading image 3...
Trace|Image was loaded from file E:\5.Cloud\Dropbox\Program\amazfit_bit\watchface\led_digital_white_air_pollution\003.png
Trace|Loading image 4...
Trace|Image was loaded from file E:\5.Cloud\Dropbox\Program\amazfit_bit\watchface\led_digital_white_air_pollution\004.png
Trace|Loading image 5...
Trace|Image was loaded from file E:\5.Cloud\Dropbox\Program\amazfit_bit\watchface\led_digital_white_air_pollution\005.png
Trace|Loading image 6...
Trace|Image was loaded from file E:\5.Cloud\Dropbox\Program\amazfit_bit\watchface\led_digital_white_air_pollution\006.png
Trace|Loading image 7...
Trace|Image was loaded from file E:\5.Cloud\Dropbox\Program\amazfit_bit\watchface\led_digital_white_air_pollution\007.png
Trace|Loading image 8...
Trace|Image was loaded from file E:\5.Cloud\Dropbox\Program\amazfit_bit\watchface\led_digital_white_air_pollution\008.png
Trace|Loading image 9...
Trace|Image was loaded from file E:\5.Cloud\Dropbox\Program\amazfit_bit\watchface\led_digital_white_air_pollution\009.png
Trace|Loading image 10...
Trace|Image was loaded from file E:\5.Cloud\Dropbox\Program\amazfit_bit\watchface\led_digital_white_air_pollution\010.png
Trace|Loading images for 3.1.2 'ImageSet'
Trace|Loading images for 3.2 'TwoDigits'
Trace|Loading images for 3.2.1 'ImageSet'
Trace|Loading images for 3.2.2 'ImageSet'
Trace|Loading images for 4 'Activity'
Trace|Loading images for 4.1 'Number'
Trace|Loading images for 4.1.5 'TextAlignment'
Trace|Loading image 11...
Trace|Image was loaded from file E:\5.Cloud\Dropbox\Program\amazfit_bit\watchface\led_digital_white_air_pollution\011.png
Trace|Loading image 12...
Trace|Image was loaded from file E:\5.Cloud\Dropbox\Program\amazfit_bit\watchface\led_digital_white_air_pollution\012.png
Trace|Loading image 13...
Trace|Image was loaded from file E:\5.Cloud\Dropbox\Program\amazfit_bit\watchface\led_digital_white_air_pollution\013.png
Trace|Loading image 14...
Trace|Image was loaded from file E:\5.Cloud\Dropbox\Program\amazfit_bit\watchface\led_digital_white_air_pollution\014.png
Trace|Loading image 15...
Trace|Image was loaded from file E:\5.Cloud\Dropbox\Program\amazfit_bit\watchface\led_digital_white_air_pollution\015.png
Trace|Loading image 16...
Trace|Image was loaded from file E:\5.Cloud\Dropbox\Program\amazfit_bit\watchface\led_digital_white_air_pollution\016.png
Trace|Loading image 17...
Trace|Image was loaded from file E:\5.Cloud\Dropbox\Program\amazfit_bit\watchface\led_digital_white_air_pollution\017.png
Trace|Loading image 18...
Trace|Image was loaded from file E:\5.Cloud\Dropbox\Program\amazfit_bit\watchface\led_digital_white_air_pollution\018.png
Trace|Loading image 19...
Trace|Image was loaded from file E:\5.Cloud\Dropbox\Program\amazfit_bit\watchface\led_digital_white_air_pollution\019.png
Trace|Loading image 20...
Trace|Image was loaded from file E:\5.Cloud\Dropbox\Program\amazfit_bit\watchface\led_digital_white_air_pollution\020.png
Trace|Loading images for 4.4 'Number'
Trace|Loading images for 4.4.5 'TextAlignment'
Trace|Loading images for 4.5 'FormattedNumber'
Trace|Loading images for 4.5.1 'Number'
Trace|Loading images for 4.5.1.5 'TextAlignment'
Trace|Loading image 21...
Trace|Image was loaded from file E:\5.Cloud\Dropbox\Program\amazfit_bit\watchface\led_digital_white_air_pollution\021.png
Trace|Loading image 22...
Trace|Image was loaded from file E:\5.Cloud\Dropbox\Program\amazfit_bit\watchface\led_digital_white_air_pollution\022.png
Trace|Loading image 23...
Trace|Image was loaded from file E:\5.Cloud\Dropbox\Program\amazfit_bit\watchface\led_digital_white_air_pollution\023.png
Trace|Loading image 24...
Trace|Image was loaded from file E:\5.Cloud\Dropbox\Program\amazfit_bit\watchface\led_digital_white_air_pollution\024.png
Trace|Loading image 25...
Trace|Image was loaded from file E:\5.Cloud\Dropbox\Program\amazfit_bit\watchface\led_digital_white_air_pollution\025.png
Trace|Loading image 26...
Trace|Image was loaded from file E:\5.Cloud\Dropbox\Program\amazfit_bit\watchface\led_digital_white_air_pollution\026.png
Trace|Loading image 27...
Trace|Image was loaded from file E:\5.Cloud\Dropbox\Program\amazfit_bit\watchface\led_digital_white_air_pollution\027.png
Trace|Loading image 28...
Trace|Image was loaded from file E:\5.Cloud\Dropbox\Program\amazfit_bit\watchface\led_digital_white_air_pollution\028.png
Trace|Loading image 29...
Trace|Image was loaded from file E:\5.Cloud\Dropbox\Program\amazfit_bit\watchface\led_digital_white_air_pollution\029.png
Trace|Loading image 30...
Trace|Image was loaded from file E:\5.Cloud\Dropbox\Program\amazfit_bit\watchface\led_digital_white_air_pollution\030.png
Trace|Loading image 31...
Trace|Image was loaded from file E:\5.Cloud\Dropbox\Program\amazfit_bit\watchface\led_digital_white_air_pollution\031.png
Trace|Loading image 32...
Trace|Image was loaded from file E:\5.Cloud\Dropbox\Program\amazfit_bit\watchface\led_digital_white_air_pollution\032.png
Trace|Loading images for 5 'Date'
Trace|Loading images for 5.1 'MonthAndDay'
Trace|Loading images for 5.1.1 'SeparateMonthAndDay'
Trace|Loading images for 5.1.1.1 'Number'
Trace|Loading images for 5.1.1.1.5 'TextAlignment'
Trace|Loading images for 5.1.1.3 'Number'
Trace|Loading images for 5.1.1.3.5 'TextAlignment'
Trace|Loading images for 5.1.3 'Boolean'
Trace|Loading images for 5.1.4 'Boolean'
Trace|Loading images for 5.2 'ImageSet'
Trace|Loading image 33...
Trace|Image was loaded from file E:\5.Cloud\Dropbox\Program\amazfit_bit\watchface\led_digital_white_air_pollution\033.png
Trace|Loading image 34...
Trace|Image was loaded from file E:\5.Cloud\Dropbox\Program\amazfit_bit\watchface\led_digital_white_air_pollution\034.png
Trace|Loading image 35...
Trace|Image was loaded from file E:\5.Cloud\Dropbox\Program\amazfit_bit\watchface\led_digital_white_air_pollution\035.png
Trace|Loading image 36...
Trace|Image was loaded from file E:\5.Cloud\Dropbox\Program\amazfit_bit\watchface\led_digital_white_air_pollution\036.png
Trace|Loading image 37...
Trace|Image was loaded from file E:\5.Cloud\Dropbox\Program\amazfit_bit\watchface\led_digital_white_air_pollution\037.png
Trace|Loading image 38...
Trace|Image was loaded from file E:\5.Cloud\Dropbox\Program\amazfit_bit\watchface\led_digital_white_air_pollution\038.png
Trace|Loading image 39...
Trace|Image was loaded from file E:\5.Cloud\Dropbox\Program\amazfit_bit\watchface\led_digital_white_air_pollution\039.png
Trace|Loading images for 6 'Weather'
Trace|Loading images for 6.1 'WeatherIcon'
Trace|Loading images for 6.1.1 'Coordinates'
Trace|Loading images for 6.2 'Temperature'
Trace|Loading images for 6.2.1 'TemperatureNumber'
Trace|Loading images for 6.2.1.1 'Number'
Trace|Loading images for 6.2.1.1.5 'TextAlignment'
Trace|Loading image 40...
Trace|Image was loaded from file E:\5.Cloud\Dropbox\Program\amazfit_bit\watchface\led_digital_white_air_pollution\040.png
Trace|Loading image 41...
Trace|Image was loaded from file E:\5.Cloud\Dropbox\Program\amazfit_bit\watchface\led_digital_white_air_pollution\041.png
Trace|Loading image 42...
Trace|Image was loaded from file E:\5.Cloud\Dropbox\Program\amazfit_bit\watchface\led_digital_white_air_pollution\042.png
Trace|Loading image 43...
Trace|Image was loaded from file E:\5.Cloud\Dropbox\Program\amazfit_bit\watchface\led_digital_white_air_pollution\043.png
Trace|Loading image 44...
Trace|Image was loaded from file E:\5.Cloud\Dropbox\Program\amazfit_bit\watchface\led_digital_white_air_pollution\044.png
Trace|Loading image 45...
Trace|Image was loaded from file E:\5.Cloud\Dropbox\Program\amazfit_bit\watchface\led_digital_white_air_pollution\045.png
Trace|Loading image 46...
Trace|Image was loaded from file E:\5.Cloud\Dropbox\Program\amazfit_bit\watchface\led_digital_white_air_pollution\046.png
Trace|Loading image 47...
Trace|Image was loaded from file E:\5.Cloud\Dropbox\Program\amazfit_bit\watchface\led_digital_white_air_pollution\047.png
Trace|Loading image 48...
Trace|Image was loaded from file E:\5.Cloud\Dropbox\Program\amazfit_bit\watchface\led_digital_white_air_pollution\048.png
Trace|Loading image 49...
Trace|Image was loaded from file E:\5.Cloud\Dropbox\Program\amazfit_bit\watchface\led_digital_white_air_pollution\049.png
Trace|Loading image 50...
Trace|Image was loaded from file E:\5.Cloud\Dropbox\Program\amazfit_bit\watchface\led_digital_white_air_pollution\050.png
Trace|Loading image 51...
Trace|Image was loaded from file E:\5.Cloud\Dropbox\Program\amazfit_bit\watchface\led_digital_white_air_pollution\051.png
Trace|Loading images for 6.2.2 'TodayTemperature'
Trace|Loading images for 6.2.2.1 'SeparateTemperature'
Trace|Loading images for 6.2.2.1.1 'TemperatureNumber'
Trace|Loading images for 6.2.2.1.1.1 'Number'
Trace|Loading images for 6.2.2.1.1.1.5 'TextAlignment'
Trace|Loading image 52...
Trace|Image was loaded from file E:\5.Cloud\Dropbox\Program\amazfit_bit\watchface\led_digital_white_air_pollution\052.png
Trace|Loading image 53...
Trace|Image was loaded from file E:\5.Cloud\Dropbox\Program\amazfit_bit\watchface\led_digital_white_air_pollution\053.png
Trace|Loading images for 6.2.2.1.2 'TemperatureNumber'
Trace|Loading images for 6.2.2.1.2.1 'Number'
Trace|Loading images for 6.2.2.1.2.1.5 'TextAlignment'
Trace|Loading images for 6.3 'AirPollution'
Trace|Loading images for 6.3.2 'ImageSet'
Trace|Loading image 54...
Trace|Image was loaded from file E:\5.Cloud\Dropbox\Program\amazfit_bit\watchface\led_digital_white_air_pollution\054.png
Trace|Loading image 55...
Trace|Image was loaded from file E:\5.Cloud\Dropbox\Program\amazfit_bit\watchface\led_digital_white_air_pollution\055.png
Trace|Loading image 56...
Trace|Image was loaded from file E:\5.Cloud\Dropbox\Program\amazfit_bit\watchface\led_digital_white_air_pollution\056.png
Trace|Loading image 57...
Trace|Image was loaded from file E:\5.Cloud\Dropbox\Program\amazfit_bit\watchface\led_digital_white_air_pollution\057.png
Trace|Loading image 58...
Trace|Image was loaded from file E:\5.Cloud\Dropbox\Program\amazfit_bit\watchface\led_digital_white_air_pollution\058.png
Trace|Loading image 59...
Trace|Image was loaded from file E:\5.Cloud\Dropbox\Program\amazfit_bit\watchface\led_digital_white_air_pollution\059.png
Trace|Loading images for 7 'StepsProgress'
Trace|Loading images for 7.2 'Scale'
Trace|Loading image 60...
Trace|Image was loaded from file E:\5.Cloud\Dropbox\Program\amazfit_bit\watchface\led_digital_white_air_pollution\060.png
Trace|Loading image 61...
Trace|Image was loaded from file E:\5.Cloud\Dropbox\Program\amazfit_bit\watchface\led_digital_white_air_pollution\061.png
Trace|Loading image 62...
Trace|Image was loaded from file E:\5.Cloud\Dropbox\Program\amazfit_bit\watchface\led_digital_white_air_pollution\062.png
Trace|Loading image 63...
Trace|Image was loaded from file E:\5.Cloud\Dropbox\Program\amazfit_bit\watchface\led_digital_white_air_pollution\063.png
Trace|Loading image 64...
Trace|Image was loaded from file E:\5.Cloud\Dropbox\Program\amazfit_bit\watchface\led_digital_white_air_pollution\064.png
Trace|Loading image 65...
Trace|Image was loaded from file E:\5.Cloud\Dropbox\Program\amazfit_bit\watchface\led_digital_white_air_pollution\065.png
Trace|Loading image 66...
Trace|Image was loaded from file E:\5.Cloud\Dropbox\Program\amazfit_bit\watchface\led_digital_white_air_pollution\066.png
Trace|Loading image 67...
Trace|Image was loaded from file E:\5.Cloud\Dropbox\Program\amazfit_bit\watchface\led_digital_white_air_pollution\067.png
Trace|Loading image 68...
Trace|Image was loaded from file E:\5.Cloud\Dropbox\Program\amazfit_bit\watchface\led_digital_white_air_pollution\068.png
Trace|Loading image 69...
Trace|Image was loaded from file E:\5.Cloud\Dropbox\Program\amazfit_bit\watchface\led_digital_white_air_pollution\069.png
Trace|Loading image 70...
Trace|Image was loaded from file E:\5.Cloud\Dropbox\Program\amazfit_bit\watchface\led_digital_white_air_pollution\070.png
Trace|Loading image 71...
Trace|Image was loaded from file E:\5.Cloud\Dropbox\Program\amazfit_bit\watchface\led_digital_white_air_pollution\071.png
Trace|Loading image 72...
Trace|Image was loaded from file E:\5.Cloud\Dropbox\Program\amazfit_bit\watchface\led_digital_white_air_pollution\072.png
Trace|Loading image 73...
Trace|Image was loaded from file E:\5.Cloud\Dropbox\Program\amazfit_bit\watchface\led_digital_white_air_pollution\073.png
Trace|Loading image 74...
Trace|Image was loaded from file E:\5.Cloud\Dropbox\Program\amazfit_bit\watchface\led_digital_white_air_pollution\074.png
Trace|Loading image 75...
Trace|Image was loaded from file E:\5.Cloud\Dropbox\Program\amazfit_bit\watchface\led_digital_white_air_pollution\075.png
Trace|Loading images for 8 'Status'
Trace|Loading images for 8.1 'Switch'
Trace|Loading images for 8.1.1 'Coordinates'
Trace|Loading image 76...
Trace|Image was loaded from file E:\5.Cloud\Dropbox\Program\amazfit_bit\watchface\led_digital_white_air_pollution\076.png
Trace|Loading image 77...
Trace|Image was loaded from file E:\5.Cloud\Dropbox\Program\amazfit_bit\watchface\led_digital_white_air_pollution\077.png
Trace|Loading images for 8.2 'Switch'
Trace|Loading images for 8.2.1 'Coordinates'
Trace|Loading image 78...
Trace|Image was loaded from file E:\5.Cloud\Dropbox\Program\amazfit_bit\watchface\led_digital_white_air_pollution\078.png
Trace|Loading images for 8.3 'Switch'
Trace|Loading images for 8.3.1 'Coordinates'
Trace|Loading image 79...
Trace|Image was loaded from file E:\5.Cloud\Dropbox\Program\amazfit_bit\watchface\led_digital_white_air_pollution\079.png
Trace|Loading images for 8.4 'Switch'
Trace|Loading images for 8.4.1 'Coordinates'
Trace|Loading image 80...
Trace|Image was loaded from file E:\5.Cloud\Dropbox\Program\amazfit_bit\watchface\led_digital_white_air_pollution\080.png
Trace|Loading images for 9 'Battery'
Trace|Loading images for 9.1 'Number'
Trace|Loading images for 9.1.5 'TextAlignment'
Trace|Loading images for 9.3 'Scale'
Trace|Loading image 81...
Trace|Image was loaded from file E:\5.Cloud\Dropbox\Program\amazfit_bit\watchface\led_digital_white_air_pollution\081.png
Trace|Loading image 82...
Trace|Image was loaded from file E:\5.Cloud\Dropbox\Program\amazfit_bit\watchface\led_digital_white_air_pollution\082.png
Trace|Loading image 83...
Trace|Image was loaded from file E:\5.Cloud\Dropbox\Program\amazfit_bit\watchface\led_digital_white_air_pollution\083.png
Trace|Loading image 84...
Trace|Image was loaded from file E:\5.Cloud\Dropbox\Program\amazfit_bit\watchface\led_digital_white_air_pollution\084.png
Trace|Loading image 85...
Trace|Image was loaded from file E:\5.Cloud\Dropbox\Program\amazfit_bit\watchface\led_digital_white_air_pollution\085.png
Trace|Loading image 86...
Trace|Image was loaded from file E:\5.Cloud\Dropbox\Program\amazfit_bit\watchface\led_digital_white_air_pollution\086.png
Trace|Building parameters for watch face...
Trace|2 'Background'
Trace|2.1 'Image'
Trace|2.1.1 'X': 0
Trace|2.1.2 'Y': 0
Trace|2.1.3 'ImageIndex': 0
Trace|3 'Time'
Trace|3.1 'TwoDigits'
Trace|3.1.1 'ImageSet'
Trace|3.1.1.1 'X': 13
Trace|3.1.1.2 'Y': 57
Trace|3.1.1.3 'ImageIndex': 1
Trace|3.1.1.4 'ImagesCount': 10
Trace|3.1.2 'ImageSet'
Trace|3.1.2.1 'X': 40
Trace|3.1.2.2 'Y': 57
Trace|3.1.2.3 'ImageIndex': 1
Trace|3.1.2.4 'ImagesCount': 10
Trace|3.2 'TwoDigits'
Trace|3.2.1 'ImageSet'
Trace|3.2.1.1 'X': 76
Trace|3.2.1.2 'Y': 57
Trace|3.2.1.3 'ImageIndex': 1
Trace|3.2.1.4 'ImagesCount': 10
Trace|3.2.2 'ImageSet'
Trace|3.2.2.1 'X': 103
Trace|3.2.2.2 'Y': 57
Trace|3.2.2.3 'ImageIndex': 1
Trace|3.2.2.4 'ImagesCount': 10
Trace|4 'Activity'
Trace|4.1 'Number'
Trace|4.1.1 'TopLeftX': 17
Trace|4.1.2 'TopLeftY': 151
Trace|4.1.3 'BottomRightX': 83
Trace|4.1.4 'BottomRightY': 169
Trace|4.1.5 'Alignment': 20
Trace|4.1.6 'Spacing': 3
Trace|4.1.7 'ImageIndex': 11
Trace|4.1.8 'ImagesCount': 10
Trace|4.4 'Number'
Trace|4.4.1 'TopLeftX': 130
Trace|4.4.2 'TopLeftY': 68
Trace|4.4.3 'BottomRightX': 166
Trace|4.4.4 'BottomRightY': 86
Trace|4.4.5 'Alignment': 20
Trace|4.4.6 'Spacing': 2
Trace|4.4.7 'ImageIndex': 11
Trace|4.4.8 'ImagesCount': 10
Trace|4.5 'FormattedNumber'
Trace|4.5.1 'Number'
Trace|4.5.1.1 'TopLeftX': 45
Trace|4.5.1.2 'TopLeftY': 135
Trace|4.5.1.3 'BottomRightX': 85
Trace|4.5.1.4 'BottomRightY': 148
Trace|4.5.1.5 'Alignment': 20
Trace|4.5.1.6 'Spacing': 1
Trace|4.5.1.7 'ImageIndex': 21
Trace|4.5.1.8 'ImagesCount': 10
Trace|4.5.2 'SuffixImageIndex': 31
Trace|4.5.3 'DecimalPointImageIndex': 32
Trace|5 'Date'
Trace|5.1 'MonthAndDay'
Trace|5.1.1 'SeparateMonthAndDay'
Trace|5.1.1.1 'Number'
Trace|5.1.1.1.1 'TopLeftX': 108
Trace|5.1.1.1.2 'TopLeftY': 29
Trace|5.1.1.1.3 'BottomRightX': 132
Trace|5.1.1.1.4 'BottomRightY': 47
Trace|5.1.1.1.5 'Alignment': 20
Trace|5.1.1.1.6 'Spacing': 3
Trace|5.1.1.1.7 'ImageIndex': 11
Trace|5.1.1.1.8 'ImagesCount': 10
Trace|5.1.1.3 'Number'
Trace|5.1.1.3.1 'TopLeftX': 142
Trace|5.1.1.3.2 'TopLeftY': 29
Trace|5.1.1.3.3 'BottomRightX': 166
Trace|5.1.1.3.4 'BottomRightY': 47
Trace|5.1.1.3.5 'Alignment': 20
Trace|5.1.1.3.6 'Spacing': 3
Trace|5.1.1.3.7 'ImageIndex': 11
Trace|5.1.1.3.8 'ImagesCount': 10
Trace|5.1.3 'TwoDigitsMonth': 1
Trace|5.1.4 'TwoDigitsDay': 1
Trace|5.2 'ImageSet'
Trace|5.2.1 'X': 4
Trace|5.2.2 'Y': 4
Trace|5.2.3 'ImageIndex': 33
Trace|5.2.4 'ImagesCount': 7
Trace|6 'Weather'
Trace|6.1 'WeatherIcon'
Trace|6.1.1 'Coordinates'
Trace|6.1.1.1 'X': 136
Trace|6.1.1.2 'Y': 108
Trace|6.2 'Temperature'
Trace|6.2.1 'TemperatureNumber'
Trace|6.2.1.1 'Number'
Trace|6.2.1.1.1 'TopLeftX': 117
Trace|6.2.1.1.2 'TopLeftY': 141
Trace|6.2.1.1.3 'BottomRightX': 161
Trace|6.2.1.1.4 'BottomRightY': 167
Trace|6.2.1.1.5 'Alignment': 20
Trace|6.2.1.1.6 'Spacing': 2
Trace|6.2.1.1.7 'ImageIndex': 40
Trace|6.2.1.1.8 'ImagesCount': 10
Trace|6.2.1.2 'MinusImageIndex': 50
Trace|6.2.1.3 'DegreesImageIndex': 51
Trace|6.2.2 'TodayTemperature'
Trace|6.2.2.1 'SeparateTemperature'
Trace|6.2.2.1.1 'TemperatureNumber'
Trace|6.2.2.1.1.1 'Number'
Trace|6.2.2.1.1.1.1 'TopLeftX': 93
Trace|6.2.2.1.1.1.2 'TopLeftY': 137
Trace|6.2.2.1.1.1.3 'BottomRightX': 121
Trace|6.2.2.1.1.1.4 'BottomRightY': 150
Trace|6.2.2.1.1.1.5 'Alignment': 20
Trace|6.2.2.1.1.1.6 'Spacing': 1
Trace|6.2.2.1.1.1.7 'ImageIndex': 21
Trace|6.2.2.1.1.1.8 'ImagesCount': 10
Trace|6.2.2.1.1.2 'MinusImageIndex': 52
Trace|6.2.2.1.1.3 'DegreesImageIndex': 53
Trace|6.2.2.1.2 'TemperatureNumber'
Trace|6.2.2.1.2.1 'Number'
Trace|6.2.2.1.2.1.1 'TopLeftX': 93
Trace|6.2.2.1.2.1.2 'TopLeftY': 156
Trace|6.2.2.1.2.1.3 'BottomRightX': 121
Trace|6.2.2.1.2.1.4 'BottomRightY': 169
Trace|6.2.2.1.2.1.5 'Alignment': 20
Trace|6.2.2.1.2.1.6 'Spacing': 1
Trace|6.2.2.1.2.1.7 'ImageIndex': 21
Trace|6.2.2.1.2.1.8 'ImagesCount': 10
Trace|6.2.2.1.2.2 'MinusImageIndex': 52
Trace|6.2.2.1.2.3 'DegreesImageIndex': 53
Trace|6.3 'AirPollution'
Trace|6.3.2 'ImageSet'
Trace|6.3.2.1 'X': 105
Trace|6.3.2.2 'Y': 109
Trace|6.3.2.3 'ImageIndex': 54
Trace|6.3.2.4 'ImagesCount': 6
Trace|7 'StepsProgress'
Trace|7.2 'Scale'
Trace|7.2.1 'StartImageIndex': 60
Trace|7.2.2 'Coordinates'
Trace|7.2.2.1 'X': 0
Trace|7.2.2.2 'Y': 172
Trace|7.2.2 'Coordinates'
Trace|7.2.2.1 'X': 11
Trace|7.2.2.2 'Y': 172
Trace|7.2.2 'Coordinates'
Trace|7.2.2.1 'X': 22
Trace|7.2.2.2 'Y': 172
Trace|7.2.2 'Coordinates'
Trace|7.2.2.1 'X': 33
Trace|7.2.2.2 'Y': 172
Trace|7.2.2 'Coordinates'
Trace|7.2.2.1 'X': 44
Trace|7.2.2.2 'Y': 172
Trace|7.2.2 'Coordinates'
Trace|7.2.2.1 'X': 55
Trace|7.2.2.2 'Y': 172
Trace|7.2.2 'Coordinates'
Trace|7.2.2.1 'X': 66
Trace|7.2.2.2 'Y': 172
Trace|7.2.2 'Coordinates'
Trace|7.2.2.1 'X': 77
Trace|7.2.2.2 'Y': 172
Trace|7.2.2 'Coordinates'
Trace|7.2.2.1 'X': 88
Trace|7.2.2.2 'Y': 172
Trace|7.2.2 'Coordinates'
Trace|7.2.2.1 'X': 99
Trace|7.2.2.2 'Y': 172
Trace|7.2.2 'Coordinates'
Trace|7.2.2.1 'X': 110
Trace|7.2.2.2 'Y': 172
Trace|7.2.2 'Coordinates'
Trace|7.2.2.1 'X': 121
Trace|7.2.2.2 'Y': 172
Trace|7.2.2 'Coordinates'
Trace|7.2.2.1 'X': 132
Trace|7.2.2.2 'Y': 172
Trace|7.2.2 'Coordinates'
Trace|7.2.2.1 'X': 143
Trace|7.2.2.2 'Y': 172
Trace|7.2.2 'Coordinates'
Trace|7.2.2.1 'X': 154
Trace|7.2.2.2 'Y': 172
Trace|7.2.2 'Coordinates'
Trace|7.2.2.1 'X': 165
Trace|7.2.2.2 'Y': 172
Trace|8 'Status'
Trace|8.1 'Switch'
Trace|8.1.1 'Coordinates'
Trace|8.1.1.1 'X': 85
Trace|8.1.1.2 'Y': 107
Trace|8.1.2 'ImageIndexOn': 76
Trace|8.1.3 'ImageIndexOff': 77
Trace|8.2 'Switch'
Trace|8.2.1 'Coordinates'
Trace|8.2.1.1 'X': 114
Trace|8.2.1.2 'Y': 13
Trace|8.2.2 'ImageIndexOn': 78
Trace|8.3 'Switch'
Trace|8.3.1 'Coordinates'
Trace|8.3.1.1 'X': 133
Trace|8.3.1.2 'Y': 13
Trace|8.3.2 'ImageIndexOn': 79
Trace|8.4 'Switch'
Trace|8.4.1 'Coordinates'
Trace|8.4.1.1 'X': 151
Trace|8.4.1.2 'Y': 13
Trace|8.4.2 'ImageIndexOn': 80
Trace|9 'Battery'
Trace|9.1 'Number'
Trace|9.1.1 'TopLeftX': 13
Trace|9.1.2 'TopLeftY': 105
Trace|9.1.3 'BottomRightX': 38
Trace|9.1.4 'BottomRightY': 118
Trace|9.1.5 'Alignment': 20
Trace|9.1.6 'Spacing': 1
Trace|9.1.7 'ImageIndex': 21
Trace|9.1.8 'ImagesCount': 10
Trace|9.3 'Scale'
Trace|9.3.1 'StartImageIndex': 81
Trace|9.3.2 'Coordinates'
Trace|9.3.2.1 'X': 56
Trace|9.3.2.2 'Y': 107
Trace|9.3.2 'Coordinates'
Trace|9.3.2.1 'X': 59
Trace|9.3.2.2 'Y': 107
Trace|9.3.2 'Coordinates'
Trace|9.3.2.1 'X': 62
Trace|9.3.2.2 'Y': 107
Trace|9.3.2 'Coordinates'
Trace|9.3.2.1 'X': 65
Trace|9.3.2.2 'Y': 107
Trace|9.3.2 'Coordinates'
Trace|9.3.2.1 'X': 68
Trace|9.3.2.2 'Y': 107
Trace|9.3.2 'Coordinates'
Trace|9.3.2.1 'X': 71
Trace|9.3.2.2 'Y': 107
Debug|Generating preview...
Debug|Writing watch face to 'E:\5.Cloud\Dropbox\Program\amazfit_bit\watchface\led_digital_white_air_pollution\led_digital_white_air_pollution_packed.bin'
Trace|Encoding parameters...
Trace|1 (0A):
Trace|    1 (08): 0 (00)
Trace|    2 (10): 0 (00)
Trace|    3 (18): 0 (00)
Trace|8 bytes
Trace|1 (0A):
Trace|    1 (0A):
Trace|        1 (08): 13 (0D)
Trace|        2 (10): 57 (39)
Trace|        3 (18): 1 (01)
Trace|        4 (20): 10 (0A)
Trace|    10 bytes
Trace|    2 (12):
Trace|        1 (08): 40 (28)
Trace|        2 (10): 57 (39)
Trace|        3 (18): 1 (01)
Trace|        4 (20): 10 (0A)
Trace|    10 bytes
Trace|22 bytes
Trace|2 (12):
Trace|    1 (0A):
Trace|        1 (08): 76 (4C)
Trace|        2 (10): 57 (39)
Trace|        3 (18): 1 (01)
Trace|        4 (20): 10 (0A)
Trace|    10 bytes
Trace|    2 (12):
Trace|        1 (08): 103 (67)
Trace|        2 (10): 57 (39)
Trace|        3 (18): 1 (01)
Trace|        4 (20): 10 (0A)
Trace|    10 bytes
Trace|22 bytes
Trace|1 (0A):
Trace|    1 (08): 17 (11)
Trace|    2 (10): 151 (97)
Trace|    3 (18): 83 (53)
Trace|    4 (20): 169 (A9)
Trace|    5 (28): 20 (14)
Trace|    6 (30): 3 (03)
Trace|    7 (38): 11 (0B)
Trace|    8 (40): 10 (0A)
Trace|20 bytes
Trace|4 (22):
Trace|    1 (08): 130 (82)
Trace|    2 (10): 68 (44)
Trace|    3 (18): 166 (A6)
Trace|    4 (20): 86 (56)
Trace|    5 (28): 20 (14)
Trace|    6 (30): 2 (02)
Trace|    7 (38): 11 (0B)
Trace|    8 (40): 10 (0A)
Trace|20 bytes
Trace|5 (2A):
Trace|    1 (0A):
Trace|        1 (08): 45 (2D)
Trace|        2 (10): 135 (87)
Trace|        3 (18): 85 (55)
Trace|        4 (20): 148 (94)
Trace|        5 (28): 20 (14)
Trace|        6 (30): 1 (01)
Trace|        7 (38): 21 (15)
Trace|        8 (40): 10 (0A)
Trace|    20 bytes
Trace|    2 (10): 31 (1F)
Trace|    3 (18): 32 (20)
Trace|26 bytes
Trace|1 (0A):
Trace|    1 (0A):
Trace|        1 (0A):
Trace|            1 (08): 108 (6C)
Trace|            2 (10): 29 (1D)
Trace|            3 (18): 132 (84)
Trace|            4 (20): 47 (2F)
Trace|            5 (28): 20 (14)
Trace|            6 (30): 3 (03)
Trace|            7 (38): 11 (0B)
Trace|            8 (40): 10 (0A)
Trace|        19 bytes
Trace|        3 (1A):
Trace|            1 (08): 142 (8E)
Trace|            2 (10): 29 (1D)
Trace|            3 (18): 166 (A6)
Trace|            4 (20): 47 (2F)
Trace|            5 (28): 20 (14)
Trace|            6 (30): 3 (03)
Trace|            7 (38): 11 (0B)
Trace|            8 (40): 10 (0A)
Trace|        20 bytes
Trace|    41 bytes
Trace|    3 (18): 1 (01)
Trace|    4 (20): 1 (01)
Trace|47 bytes
Trace|2 (12):
Trace|    1 (08): 4 (04)
Trace|    2 (10): 4 (04)
Trace|    3 (18): 33 (21)
Trace|    4 (20): 7 (07)
Trace|10 bytes
Trace|1 (0A):
Trace|    1 (0A):
Trace|        1 (08): 136 (88)
Trace|        2 (10): 108 (6C)
Trace|    7 bytes
Trace|9 bytes
Trace|2 (12):
Trace|    1 (0A):
Trace|        1 (0A):
Trace|            1 (08): 117 (75)
Trace|            2 (10): 141 (8D)
Trace|            3 (18): 161 (A1)
Trace|            4 (20): 167 (A7)
Trace|            5 (28): 20 (14)
Trace|            6 (30): 2 (02)
Trace|            7 (38): 40 (28)
Trace|            8 (40): 10 (0A)
Trace|        21 bytes
Trace|        2 (10): 50 (32)
Trace|        3 (18): 51 (33)
Trace|    27 bytes
Trace|    2 (12):
Trace|        1 (0A):
Trace|            1 (0A):
Trace|                1 (0A):
Trace|                    1 (08): 93 (5D)
Trace|                    2 (10): 137 (89)
Trace|                    3 (18): 121 (79)
Trace|                    4 (20): 150 (96)
Trace|                    5 (28): 20 (14)
Trace|                    6 (30): 1 (01)
Trace|                    7 (38): 21 (15)
Trace|                    8 (40): 10 (0A)
Trace|                20 bytes
Trace|                2 (10): 52 (34)
Trace|                3 (18): 53 (35)
Trace|            26 bytes
Trace|            2 (12):
Trace|                1 (0A):
Trace|                    1 (08): 93 (5D)
Trace|                    2 (10): 156 (9C)
Trace|                    3 (18): 121 (79)
Trace|                    4 (20): 169 (A9)
Trace|                    5 (28): 20 (14)
Trace|                    6 (30): 1 (01)
Trace|                    7 (38): 21 (15)
Trace|                    8 (40): 10 (0A)
Trace|                20 bytes
Trace|                2 (10): 52 (34)
Trace|                3 (18): 53 (35)
Trace|            26 bytes
Trace|        54 bytes
Trace|    56 bytes
Trace|85 bytes
Trace|3 (1A):
Trace|    2 (12):
Trace|        1 (08): 105 (69)
Trace|        2 (10): 109 (6D)
Trace|        3 (18): 54 (36)
Trace|        4 (20): 6 (06)
Trace|    10 bytes
Trace|12 bytes
Trace|2 (12):
Trace|    1 (08): 60 (3C)
Trace|    2 (12):
Trace|        1 (08): 0 (00)
Trace|        2 (10): 172 (AC)
Trace|    7 bytes
Trace|    2 (12):
Trace|        1 (08): 11 (0B)
Trace|        2 (10): 172 (AC)
Trace|    7 bytes
Trace|    2 (12):
Trace|        1 (08): 22 (16)
Trace|        2 (10): 172 (AC)
Trace|    7 bytes
Trace|    2 (12):
Trace|        1 (08): 33 (21)
Trace|        2 (10): 172 (AC)
Trace|    7 bytes
Trace|    2 (12):
Trace|        1 (08): 44 (2C)
Trace|        2 (10): 172 (AC)
Trace|    7 bytes
Trace|    2 (12):
Trace|        1 (08): 55 (37)
Trace|        2 (10): 172 (AC)
Trace|    7 bytes
Trace|    2 (12):
Trace|        1 (08): 66 (42)
Trace|        2 (10): 172 (AC)
Trace|    7 bytes
Trace|    2 (12):
Trace|        1 (08): 77 (4D)
Trace|        2 (10): 172 (AC)
Trace|    7 bytes
Trace|    2 (12):
Trace|        1 (08): 88 (58)
Trace|        2 (10): 172 (AC)
Trace|    7 bytes
Trace|    2 (12):
Trace|        1 (08): 99 (63)
Trace|        2 (10): 172 (AC)
Trace|    7 bytes
Trace|    2 (12):
Trace|        1 (08): 110 (6E)
Trace|        2 (10): 172 (AC)
Trace|    7 bytes
Trace|    2 (12):
Trace|        1 (08): 121 (79)
Trace|        2 (10): 172 (AC)
Trace|    7 bytes
Trace|    2 (12):
Trace|        1 (08): 132 (84)
Trace|        2 (10): 172 (AC)
Trace|    8 bytes
Trace|    2 (12):
Trace|        1 (08): 143 (8F)
Trace|        2 (10): 172 (AC)
Trace|    8 bytes
Trace|    2 (12):
Trace|        1 (08): 154 (9A)
Trace|        2 (10): 172 (AC)
Trace|    8 bytes
Trace|    2 (12):
Trace|        1 (08): 165 (A5)
Trace|        2 (10): 172 (AC)
Trace|    8 bytes
Trace|120 bytes
Trace|1 (0A):
Trace|    1 (0A):
Trace|        1 (08): 85 (55)
Trace|        2 (10): 107 (6B)
Trace|    6 bytes
Trace|    2 (10): 76 (4C)
Trace|    3 (18): 77 (4D)
Trace|12 bytes
Trace|2 (12):
Trace|    1 (0A):
Trace|        1 (08): 114 (72)
Trace|        2 (10): 13 (0D)
Trace|    6 bytes
Trace|    2 (10): 78 (4E)
Trace|10 bytes
Trace|3 (1A):
Trace|    1 (0A):
Trace|        1 (08): 133 (85)
Trace|        2 (10): 13 (0D)
Trace|    7 bytes
Trace|    2 (10): 79 (4F)
Trace|11 bytes
Trace|4 (22):
Trace|    1 (0A):
Trace|        1 (08): 151 (97)
Trace|        2 (10): 13 (0D)
Trace|    7 bytes
Trace|    2 (10): 80 (50)
Trace|11 bytes
Trace|1 (0A):
Trace|    1 (08): 13 (0D)
Trace|    2 (10): 105 (69)
Trace|    3 (18): 38 (26)
Trace|    4 (20): 118 (76)
Trace|    5 (28): 20 (14)
Trace|    6 (30): 1 (01)
Trace|    7 (38): 21 (15)
Trace|    8 (40): 10 (0A)
Trace|18 bytes
Trace|3 (1A):
Trace|    1 (08): 81 (51)
Trace|    2 (12):
Trace|        1 (08): 56 (38)
Trace|        2 (10): 107 (6B)
Trace|    6 bytes
Trace|    2 (12):
Trace|        1 (08): 59 (3B)
Trace|        2 (10): 107 (6B)
Trace|    6 bytes
Trace|    2 (12):
Trace|        1 (08): 62 (3E)
Trace|        2 (10): 107 (6B)
Trace|    6 bytes
Trace|    2 (12):
Trace|        1 (08): 65 (41)
Trace|        2 (10): 107 (6B)
Trace|    6 bytes
Trace|    2 (12):
Trace|        1 (08): 68 (44)
Trace|        2 (10): 107 (6B)
Trace|    6 bytes
Trace|    2 (12):
Trace|        1 (08): 71 (47)
Trace|        2 (10): 107 (6B)
Trace|    6 bytes
Trace|40 bytes
Trace|Encoding offsets and lengths...
Trace|1 (0A):
Trace|    1 (08): 503 (1F7)
Trace|    2 (10): 87 (57)
Trace|7 bytes
Trace|2 (12):
Trace|    1 (08): 0 (00)
Trace|    2 (10): 8 (08)
Trace|6 bytes
Trace|3 (1A):
Trace|    1 (08): 8 (08)
Trace|    2 (10): 44 (2C)
Trace|6 bytes
Trace|4 (22):
Trace|    1 (08): 52 (34)
Trace|    2 (10): 66 (42)
Trace|6 bytes
Trace|5 (2A):
Trace|    1 (08): 118 (76)
Trace|    2 (10): 57 (39)
Trace|6 bytes
Trace|6 (32):
Trace|    1 (08): 175 (AF)
Trace|    2 (10): 106 (6A)
Trace|7 bytes
Trace|7 (3A):
Trace|    1 (08): 281 (119)
Trace|    2 (10): 120 (78)
Trace|7 bytes
Trace|8 (42):
Trace|    1 (08): 401 (191)
Trace|    2 (10): 44 (2C)
Trace|7 bytes
Trace|9 (4A):
Trace|    1 (08): 445 (1BD)
Trace|    2 (10): 58 (3A)
Trace|7 bytes
Trace|Writing header...
Trace|Writing parameters offsets and lengths...
Trace|Writing parameters...
Trace|Writing images...
Trace|Image 0 offset is 0...
Debug|Encoding image 0...
Trace|Extracting palette...
Trace|Palette item 0: R 00, G 00, B FF
Trace|Palette item 1: R 00, G 00, B 00
Trace|Palette item 2: R FF, G FF, B FF
Trace|Palette item 3: R FF, G 00, B 00
Trace|Palette item 4: R 00, G FF, B FF
Trace|Writing image header...
Trace|Width: 176, Height: 176, RowLength: 88
Trace|BPP: 4, PaletteColors: 5, Transaparency: 0
Trace|Writing palette...
Trace|Writing image...
Trace|Image 1 offset is 15524...
Debug|Encoding image 1...
Trace|Extracting palette...
Trace|Palette item 0: R 00, G 00, B 00, Transaparent color
Trace|Palette item 1: R FF, G FF, B FF
Trace|Writing image header...
Trace|Width: 21, Height: 43, RowLength: 3
Trace|BPP: 1, PaletteColors: 2, Transaparency: 1
Trace|Writing palette...
Trace|Writing image...
Trace|Image 2 offset is 15677...
Debug|Encoding image 2...
Trace|Extracting palette...
Trace|Palette item 0: R 00, G 00, B 00, Transaparent color
Trace|Palette item 1: R FF, G FF, B FF
Trace|Writing image header...
Trace|Width: 21, Height: 43, RowLength: 3
Trace|BPP: 1, PaletteColors: 2, Transaparency: 1
Trace|Writing palette...
Trace|Writing image...
Trace|Image 3 offset is 15830...
Debug|Encoding image 3...
Trace|Extracting palette...
Trace|Palette item 0: R 00, G 00, B 00, Transaparent color
Trace|Palette item 1: R FF, G FF, B FF
Trace|Writing image header...
Trace|Width: 21, Height: 43, RowLength: 3
Trace|BPP: 1, PaletteColors: 2, Transaparency: 1
Trace|Writing palette...
Trace|Writing image...
Trace|Image 4 offset is 15983...
Debug|Encoding image 4...
Trace|Extracting palette...
Trace|Palette item 0: R 00, G 00, B 00, Transaparent color
Trace|Palette item 1: R FF, G FF, B FF
Trace|Writing image header...
Trace|Width: 21, Height: 43, RowLength: 3
Trace|BPP: 1, PaletteColors: 2, Transaparency: 1
Trace|Writing palette...
Trace|Writing image...
Trace|Image 5 offset is 16136...
Debug|Encoding image 5...
Trace|Extracting palette...
Trace|Palette item 0: R 00, G 00, B 00, Transaparent color
Trace|Palette item 1: R FF, G FF, B FF
Trace|Writing image header...
Trace|Width: 21, Height: 43, RowLength: 3
Trace|BPP: 1, PaletteColors: 2, Transaparency: 1
Trace|Writing palette...
Trace|Writing image...
Trace|Image 6 offset is 16289...
Debug|Encoding image 6...
Trace|Extracting palette...
Trace|Palette item 0: R 00, G 00, B 00, Transaparent color
Trace|Palette item 1: R FF, G FF, B FF
Trace|Writing image header...
Trace|Width: 21, Height: 43, RowLength: 3
Trace|BPP: 1, PaletteColors: 2, Transaparency: 1
Trace|Writing palette...
Trace|Writing image...
Trace|Image 7 offset is 16442...
Debug|Encoding image 7...
Trace|Extracting palette...
Trace|Palette item 0: R 00, G 00, B 00, Transaparent color
Trace|Palette item 1: R FF, G FF, B FF
Trace|Writing image header...
Trace|Width: 21, Height: 43, RowLength: 3
Trace|BPP: 1, PaletteColors: 2, Transaparency: 1
Trace|Writing palette...
Trace|Writing image...
Trace|Image 8 offset is 16595...
Debug|Encoding image 8...
Trace|Extracting palette...
Trace|Palette item 0: R 00, G 00, B 00, Transaparent color
Trace|Palette item 1: R FF, G FF, B FF
Trace|Writing image header...
Trace|Width: 21, Height: 43, RowLength: 3
Trace|BPP: 1, PaletteColors: 2, Transaparency: 1
Trace|Writing palette...
Trace|Writing image...
Trace|Image 9 offset is 16748...
Debug|Encoding image 9...
Trace|Extracting palette...
Trace|Palette item 0: R 00, G 00, B 00, Transaparent color
Trace|Palette item 1: R FF, G FF, B FF
Trace|Writing image header...
Trace|Width: 21, Height: 43, RowLength: 3
Trace|BPP: 1, PaletteColors: 2, Transaparency: 1
Trace|Writing palette...
Trace|Writing image...
Trace|Image 10 offset is 16901...
Debug|Encoding image 10...
Trace|Extracting palette...
Trace|Palette item 0: R 00, G 00, B 00, Transaparent color
Trace|Palette item 1: R FF, G FF, B FF
Trace|Writing image header...
Trace|Width: 21, Height: 43, RowLength: 3
Trace|BPP: 1, PaletteColors: 2, Transaparency: 1
Trace|Writing palette...
Trace|Writing image...
Trace|Image 11 offset is 17054...
Debug|Encoding image 11...
Trace|Extracting palette...
Trace|Palette item 0: R 00, G 00, B 00, Transaparent color
Trace|Palette item 1: R FF, G FF, B FF
Trace|Writing image header...
Trace|Width: 11, Height: 19, RowLength: 2
Trace|BPP: 1, PaletteColors: 2, Transaparency: 1
Trace|Writing palette...
Trace|Writing image...
Trace|Image 12 offset is 17116...
Debug|Encoding image 12...
Trace|Extracting palette...
Trace|Palette item 0: R 00, G 00, B 00, Transaparent color
Trace|Palette item 1: R FF, G FF, B FF
Trace|Writing image header...
Trace|Width: 11, Height: 19, RowLength: 2
Trace|BPP: 1, PaletteColors: 2, Transaparency: 1
Trace|Writing palette...
Trace|Writing image...
Trace|Image 13 offset is 17178...
Debug|Encoding image 13...
Trace|Extracting palette...
Trace|Palette item 0: R 00, G 00, B 00, Transaparent color
Trace|Palette item 1: R FF, G FF, B FF
Trace|Writing image header...
Trace|Width: 11, Height: 19, RowLength: 2
Trace|BPP: 1, PaletteColors: 2, Transaparency: 1
Trace|Writing palette...
Trace|Writing image...
Trace|Image 14 offset is 17240...
Debug|Encoding image 14...
Trace|Extracting palette...
Trace|Palette item 0: R 00, G 00, B 00, Transaparent color
Trace|Palette item 1: R FF, G FF, B FF
Trace|Writing image header...
Trace|Width: 11, Height: 19, RowLength: 2
Trace|BPP: 1, PaletteColors: 2, Transaparency: 1
Trace|Writing palette...
Trace|Writing image...
Trace|Image 15 offset is 17302...
Debug|Encoding image 15...
Trace|Extracting palette...
Trace|Palette item 0: R 00, G 00, B 00, Transaparent color
Trace|Palette item 1: R FF, G FF, B FF
Trace|Writing image header...
Trace|Width: 11, Height: 19, RowLength: 2
Trace|BPP: 1, PaletteColors: 2, Transaparency: 1
Trace|Writing palette...
Trace|Writing image...
Trace|Image 16 offset is 17364...
Debug|Encoding image 16...
Trace|Extracting palette...
Trace|Palette item 0: R 00, G 00, B 00, Transaparent color
Trace|Palette item 1: R FF, G FF, B FF
Trace|Writing image header...
Trace|Width: 11, Height: 19, RowLength: 2
Trace|BPP: 1, PaletteColors: 2, Transaparency: 1
Trace|Writing palette...
Trace|Writing image...
Trace|Image 17 offset is 17426...
Debug|Encoding image 17...
Trace|Extracting palette...
Trace|Palette item 0: R 00, G 00, B 00, Transaparent color
Trace|Palette item 1: R FF, G FF, B FF
Trace|Writing image header...
Trace|Width: 11, Height: 19, RowLength: 2
Trace|BPP: 1, PaletteColors: 2, Transaparency: 1
Trace|Writing palette...
Trace|Writing image...
Trace|Image 18 offset is 17488...
Debug|Encoding image 18...
Trace|Extracting palette...
Trace|Palette item 0: R 00, G 00, B 00, Transaparent color
Trace|Palette item 1: R FF, G FF, B FF
Trace|Writing image header...
Trace|Width: 11, Height: 19, RowLength: 2
Trace|BPP: 1, PaletteColors: 2, Transaparency: 1
Trace|Writing palette...
Trace|Writing image...
Trace|Image 19 offset is 17550...
Debug|Encoding image 19...
Trace|Extracting palette...
Trace|Palette item 0: R 00, G 00, B 00, Transaparent color
Trace|Palette item 1: R FF, G FF, B FF
Trace|Writing image header...
Trace|Width: 11, Height: 19, RowLength: 2
Trace|BPP: 1, PaletteColors: 2, Transaparency: 1
Trace|Writing palette...
Trace|Writing image...
Trace|Image 20 offset is 17612...
Debug|Encoding image 20...
Trace|Extracting palette...
Trace|Palette item 0: R 00, G 00, B 00, Transaparent color
Trace|Palette item 1: R FF, G FF, B FF
Trace|Writing image header...
Trace|Width: 11, Height: 19, RowLength: 2
Trace|BPP: 1, PaletteColors: 2, Transaparency: 1
Trace|Writing palette...
Trace|Writing image...
Trace|Image 21 offset is 17674...
Debug|Encoding image 21...
Trace|Extracting palette...
Trace|Palette item 0: R 00, G 00, B 00, Transaparent color
Trace|Palette item 1: R FF, G FF, B FF
Trace|Writing image header...
Trace|Width: 8, Height: 14, RowLength: 1
Trace|BPP: 1, PaletteColors: 2, Transaparency: 1
Trace|Writing palette...
Trace|Writing image...
Trace|Image 22 offset is 17712...
Debug|Encoding image 22...
Trace|Extracting palette...
Trace|Palette item 0: R 00, G 00, B 00, Transaparent color
Trace|Palette item 1: R FF, G FF, B FF
Trace|Writing image header...
Trace|Width: 8, Height: 14, RowLength: 1
Trace|BPP: 1, PaletteColors: 2, Transaparency: 1
Trace|Writing palette...
Trace|Writing image...
Trace|Image 23 offset is 17750...
Debug|Encoding image 23...
Trace|Extracting palette...
Trace|Palette item 0: R 00, G 00, B 00, Transaparent color
Trace|Palette item 1: R FF, G FF, B FF
Trace|Writing image header...
Trace|Width: 8, Height: 14, RowLength: 1
Trace|BPP: 1, PaletteColors: 2, Transaparency: 1
Trace|Writing palette...
Trace|Writing image...
Trace|Image 24 offset is 17788...
Debug|Encoding image 24...
Trace|Extracting palette...
Trace|Palette item 0: R 00, G 00, B 00, Transaparent color
Trace|Palette item 1: R FF, G FF, B FF
Trace|Writing image header...
Trace|Width: 8, Height: 14, RowLength: 1
Trace|BPP: 1, PaletteColors: 2, Transaparency: 1
Trace|Writing palette...
Trace|Writing image...
Trace|Image 25 offset is 17826...
Debug|Encoding image 25...
Trace|Extracting palette...
Trace|Palette item 0: R 00, G 00, B 00, Transaparent color
Trace|Palette item 1: R FF, G FF, B FF
Trace|Writing image header...
Trace|Width: 8, Height: 14, RowLength: 1
Trace|BPP: 1, PaletteColors: 2, Transaparency: 1
Trace|Writing palette...
Trace|Writing image...
Trace|Image 26 offset is 17864...
Debug|Encoding image 26...
Trace|Extracting palette...
Trace|Palette item 0: R 00, G 00, B 00, Transaparent color
Trace|Palette item 1: R FF, G FF, B FF
Trace|Writing image header...
Trace|Width: 8, Height: 14, RowLength: 1
Trace|BPP: 1, PaletteColors: 2, Transaparency: 1
Trace|Writing palette...
Trace|Writing image...
Trace|Image 27 offset is 17902...
Debug|Encoding image 27...
Trace|Extracting palette...
Trace|Palette item 0: R 00, G 00, B 00, Transaparent color
Trace|Palette item 1: R FF, G FF, B FF
Trace|Writing image header...
Trace|Width: 8, Height: 14, RowLength: 1
Trace|BPP: 1, PaletteColors: 2, Transaparency: 1
Trace|Writing palette...
Trace|Writing image...
Trace|Image 28 offset is 17940...
Debug|Encoding image 28...
Trace|Extracting palette...
Trace|Palette item 0: R 00, G 00, B 00, Transaparent color
Trace|Palette item 1: R FF, G FF, B FF
Trace|Writing image header...
Trace|Width: 8, Height: 14, RowLength: 1
Trace|BPP: 1, PaletteColors: 2, Transaparency: 1
Trace|Writing palette...
Trace|Writing image...
Trace|Image 29 offset is 17978...
Debug|Encoding image 29...
Trace|Extracting palette...
Trace|Palette item 0: R 00, G 00, B 00, Transaparent color
Trace|Palette item 1: R FF, G FF, B FF
Trace|Writing image header...
Trace|Width: 8, Height: 14, RowLength: 1
Trace|BPP: 1, PaletteColors: 2, Transaparency: 1
Trace|Writing palette...
Trace|Writing image...
Trace|Image 30 offset is 18016...
Debug|Encoding image 30...
Trace|Extracting palette...
Trace|Palette item 0: R 00, G 00, B 00, Transaparent color
Trace|Palette item 1: R FF, G FF, B FF
Trace|Writing image header...
Trace|Width: 8, Height: 14, RowLength: 1
Trace|BPP: 1, PaletteColors: 2, Transaparency: 1
Trace|Writing palette...
Trace|Writing image...
Trace|Image 31 offset is 18054...
Debug|Encoding image 31...
Trace|Extracting palette...
Trace|Palette item 0: R 00, G 00, B 00, Transaparent color
Trace|Writing image header...
Trace|Width: 2, Height: 14, RowLength: 1
Trace|BPP: 1, PaletteColors: 1, Transaparency: 1
Trace|Writing palette...
Trace|Writing image...
Trace|Image 32 offset is 18088...
Debug|Encoding image 32...
Trace|Extracting palette...
Trace|Palette item 0: R 00, G 00, B 00, Transaparent color
Trace|Palette item 1: R FF, G FF, B FF
Trace|Writing image header...
Trace|Width: 2, Height: 14, RowLength: 1
Trace|BPP: 1, PaletteColors: 2, Transaparency: 1
Trace|Writing palette...
Trace|Writing image...
Trace|Image 33 offset is 18126...
Debug|Encoding image 33...
Trace|Extracting palette...
Trace|Palette item 0: R 00, G 00, B 00, Transaparent color
Trace|Palette item 1: R FF, G FF, B FF
Trace|Palette item 2: R 00, G 00, B FF
Trace|Writing image header...
Trace|Width: 102, Height: 38, RowLength: 26
Trace|BPP: 2, PaletteColors: 3, Transaparency: 1
Trace|Writing palette...
Trace|Writing image...
Trace|Image 34 offset is 19142...
Debug|Encoding image 34...
Trace|Extracting palette...
Trace|Palette item 0: R 00, G 00, B 00, Transaparent color
Trace|Palette item 1: R FF, G FF, B FF
Trace|Palette item 2: R 00, G 00, B FF
Trace|Writing image header...
Trace|Width: 102, Height: 38, RowLength: 26
Trace|BPP: 2, PaletteColors: 3, Transaparency: 1
Trace|Writing palette...
Trace|Writing image...
Trace|Image 35 offset is 20158...
Debug|Encoding image 35...
Trace|Extracting palette...
Trace|Palette item 0: R 00, G 00, B 00, Transaparent color
Trace|Palette item 1: R FF, G FF, B FF
Trace|Palette item 2: R 00, G 00, B FF
Trace|Writing image header...
Trace|Width: 102, Height: 38, RowLength: 26
Trace|BPP: 2, PaletteColors: 3, Transaparency: 1
Trace|Writing palette...
Trace|Writing image...
Trace|Image 36 offset is 21174...
Debug|Encoding image 36...
Trace|Extracting palette...
Trace|Palette item 0: R 00, G 00, B 00, Transaparent color
Trace|Palette item 1: R FF, G FF, B FF
Trace|Palette item 2: R 00, G 00, B FF
Trace|Writing image header...
Trace|Width: 102, Height: 38, RowLength: 26
Trace|BPP: 2, PaletteColors: 3, Transaparency: 1
Trace|Writing palette...
Trace|Writing image...
Trace|Image 37 offset is 22190...
Debug|Encoding image 37...
Trace|Extracting palette...
Trace|Palette item 0: R 00, G 00, B 00, Transaparent color
Trace|Palette item 1: R FF, G FF, B FF
Trace|Palette item 2: R 00, G 00, B FF
Trace|Writing image header...
Trace|Width: 102, Height: 38, RowLength: 26
Trace|BPP: 2, PaletteColors: 3, Transaparency: 1
Trace|Writing palette...
Trace|Writing image...
Trace|Image 38 offset is 23206...
Debug|Encoding image 38...
Trace|Extracting palette...
Trace|Palette item 0: R 00, G 00, B 00, Transaparent color
Trace|Palette item 1: R FF, G FF, B FF
Trace|Writing image header...
Trace|Width: 102, Height: 38, RowLength: 13
Trace|BPP: 1, PaletteColors: 2, Transaparency: 1
Trace|Writing palette...
Trace|Writing image...
Trace|Image 39 offset is 23724...
Debug|Encoding image 39...
Trace|Extracting palette...
Trace|Palette item 0: R 00, G 00, B 00, Transaparent color
Trace|Palette item 1: R FF, G FF, B FF
Trace|Writing image header...
Trace|Width: 102, Height: 38, RowLength: 13
Trace|BPP: 1, PaletteColors: 2, Transaparency: 1
Trace|Writing palette...
Trace|Writing image...
Trace|Image 40 offset is 24242...
Debug|Encoding image 40...
Trace|Extracting palette...
Trace|Palette item 0: R 00, G 00, B 00, Transaparent color
Trace|Palette item 1: R FF, G FF, B FF
Trace|Writing image header...
Trace|Width: 13, Height: 27, RowLength: 2
Trace|BPP: 1, PaletteColors: 2, Transaparency: 1
Trace|Writing palette...
Trace|Writing image...
Trace|Image 41 offset is 24320...
Debug|Encoding image 41...
Trace|Extracting palette...
Trace|Palette item 0: R 00, G 00, B 00, Transaparent color
Trace|Palette item 1: R FF, G FF, B FF
Trace|Writing image header...
Trace|Width: 13, Height: 27, RowLength: 2
Trace|BPP: 1, PaletteColors: 2, Transaparency: 1
Trace|Writing palette...
Trace|Writing image...
Trace|Image 42 offset is 24398...
Debug|Encoding image 42...
Trace|Extracting palette...
Trace|Palette item 0: R 00, G 00, B 00, Transaparent color
Trace|Palette item 1: R FF, G FF, B FF
Trace|Writing image header...
Trace|Width: 13, Height: 27, RowLength: 2
Trace|BPP: 1, PaletteColors: 2, Transaparency: 1
Trace|Writing palette...
Trace|Writing image...
Trace|Image 43 offset is 24476...
Debug|Encoding image 43...
Trace|Extracting palette...
Trace|Palette item 0: R 00, G 00, B 00, Transaparent color
Trace|Palette item 1: R FF, G FF, B FF
Trace|Writing image header...
Trace|Width: 13, Height: 27, RowLength: 2
Trace|BPP: 1, PaletteColors: 2, Transaparency: 1
Trace|Writing palette...
Trace|Writing image...
Trace|Image 44 offset is 24554...
Debug|Encoding image 44...
Trace|Extracting palette...
Trace|Palette item 0: R 00, G 00, B 00, Transaparent color
Trace|Palette item 1: R FF, G FF, B FF
Trace|Writing image header...
Trace|Width: 13, Height: 27, RowLength: 2
Trace|BPP: 1, PaletteColors: 2, Transaparency: 1
Trace|Writing palette...
Trace|Writing image...
Trace|Image 45 offset is 24632...
Debug|Encoding image 45...
Trace|Extracting palette...
Trace|Palette item 0: R 00, G 00, B 00, Transaparent color
Trace|Palette item 1: R FF, G FF, B FF
Trace|Writing image header...
Trace|Width: 13, Height: 27, RowLength: 2
Trace|BPP: 1, PaletteColors: 2, Transaparency: 1
Trace|Writing palette...
Trace|Writing image...
Trace|Image 46 offset is 24710...
Debug|Encoding image 46...
Trace|Extracting palette...
Trace|Palette item 0: R 00, G 00, B 00, Transaparent color
Trace|Palette item 1: R FF, G FF, B FF
Trace|Writing image header...
Trace|Width: 13, Height: 27, RowLength: 2
Trace|BPP: 1, PaletteColors: 2, Transaparency: 1
Trace|Writing palette...
Trace|Writing image...
Trace|Image 47 offset is 24788...
Debug|Encoding image 47...
Trace|Extracting palette...
Trace|Palette item 0: R 00, G 00, B 00, Transaparent color
Trace|Palette item 1: R FF, G FF, B FF
Trace|Writing image header...
Trace|Width: 13, Height: 27, RowLength: 2
Trace|BPP: 1, PaletteColors: 2, Transaparency: 1
Trace|Writing palette...
Trace|Writing image...
Trace|Image 48 offset is 24866...
Debug|Encoding image 48...
Trace|Extracting palette...
Trace|Palette item 0: R 00, G 00, B 00, Transaparent color
Trace|Palette item 1: R FF, G FF, B FF
Trace|Writing image header...
Trace|Width: 13, Height: 27, RowLength: 2
Trace|BPP: 1, PaletteColors: 2, Transaparency: 1
Trace|Writing palette...
Trace|Writing image...
Trace|Image 49 offset is 24944...
Debug|Encoding image 49...
Trace|Extracting palette...
Trace|Palette item 0: R 00, G 00, B 00, Transaparent color
Trace|Palette item 1: R FF, G FF, B FF
Trace|Writing image header...
Trace|Width: 13, Height: 27, RowLength: 2
Trace|BPP: 1, PaletteColors: 2, Transaparency: 1
Trace|Writing palette...
Trace|Writing image...
Trace|Image 50 offset is 25022...
Debug|Encoding image 50...
Trace|Extracting palette...
Trace|Palette item 0: R 00, G 00, B 00, Transaparent color
Trace|Palette item 1: R FF, G FF, B FF
Trace|Writing image header...
Trace|Width: 7, Height: 19, RowLength: 1
Trace|BPP: 1, PaletteColors: 2, Transaparency: 1
Trace|Writing palette...
Trace|Writing image...
Trace|Image 51 offset is 25065...
Debug|Encoding image 51...
Trace|Extracting palette...
Trace|Palette item 0: R 00, G 00, B 00, Transaparent color
Trace|Palette item 1: R FF, G FF, B FF
Trace|Writing image header...
Trace|Width: 6, Height: 14, RowLength: 1
Trace|BPP: 1, PaletteColors: 2, Transaparency: 1
Trace|Writing palette...
Trace|Writing image...
Trace|Image 52 offset is 25103...
Debug|Encoding image 52...
Trace|Extracting palette...
Trace|Palette item 0: R 00, G 00, B 00, Transaparent color
Trace|Palette item 1: R FF, G FF, B FF
Trace|Palette item 2: R 00, G FF, B FF
Trace|Writing image header...
Trace|Width: 6, Height: 14, RowLength: 2
Trace|BPP: 2, PaletteColors: 3, Transaparency: 1
Trace|Writing palette...
Trace|Writing image...
Trace|Image 53 offset is 25159...
Debug|Encoding image 53...
Trace|Extracting palette...
Trace|Palette item 0: R 00, G 00, B 00, Transaparent color
Trace|Palette item 1: R FF, G FF, B FF
Trace|Palette item 2: R 00, G FF, B FF
Trace|Writing image header...
Trace|Width: 4, Height: 4, RowLength: 1
Trace|BPP: 2, PaletteColors: 3, Transaparency: 1
Trace|Writing palette...
Trace|Writing image...
Trace|Image 54 offset is 25191...
Debug|Encoding image 54...
Trace|Extracting palette...
Trace|Palette item 0: R 00, G 00, B 00, Transaparent color
Trace|Palette item 1: R 00, G FF, B 00
Trace|Palette item 2: R 00, G FF, B FF
Trace|Palette item 3: R 00, G 00, B 00
Trace|Palette item 4: R 00, G 00, B FF
Trace|Palette item 5: R FF, G FF, B FF
Trace|Palette item 6: R FF, G FF, B 00
Trace|Palette item 7: R FF, G 00, B 00
Trace|Writing image header...
Trace|Width: 25, Height: 25, RowLength: 13
Trace|BPP: 4, PaletteColors: 8, Transaparency: 1
Trace|Writing palette...
Trace|Writing image...
Trace|Image 55 offset is 25564...
Debug|Encoding image 55...
Trace|Extracting palette...
Trace|Palette item 0: R 00, G 00, B 00, Transaparent color
Trace|Palette item 1: R FF, G FF, B 00
Trace|Palette item 2: R FF, G FF, B FF
Trace|Palette item 3: R FF, G 00, B 00
Trace|Writing image header...
Trace|Width: 25, Height: 25, RowLength: 7
Trace|BPP: 2, PaletteColors: 4, Transaparency: 1
Trace|Writing palette...
Trace|Writing image...
Trace|Image 56 offset is 25771...
Debug|Encoding image 56...
Trace|Extracting palette...
Trace|Palette item 0: R 00, G 00, B 00, Transaparent color
Trace|Palette item 1: R FF, G 00, B 00
Trace|Palette item 2: R FF, G FF, B 00
Trace|Palette item 3: R FF, G FF, B FF
Trace|Palette item 4: R FF, G 00, B FF
Trace|Palette item 5: R 00, G FF, B 00
Trace|Palette item 6: R 00, G 00, B 00
Trace|Writing image header...
Trace|Width: 25, Height: 25, RowLength: 13
Trace|BPP: 4, PaletteColors: 7, Transaparency: 1
Trace|Writing palette...
Trace|Writing image...
Trace|Image 57 offset is 26140...
Debug|Encoding image 57...
Trace|Extracting palette...
Trace|Palette item 0: R 00, G 00, B 00, Transaparent color
Trace|Palette item 1: R FF, G 00, B 00
Trace|Palette item 2: R FF, G 00, B FF
Trace|Palette item 3: R FF, G FF, B 00
Trace|Palette item 4: R FF, G FF, B FF
Trace|Palette item 5: R 00, G FF, B 00
Trace|Palette item 6: R 00, G 00, B 00
Trace|Palette item 7: R 00, G 00, B FF
Trace|Writing image header...
Trace|Width: 25, Height: 25, RowLength: 13
Trace|BPP: 4, PaletteColors: 8, Transaparency: 1
Trace|Writing palette...
Trace|Writing image...
Trace|Image 58 offset is 26513...
Debug|Encoding image 58...
Trace|Extracting palette...
Trace|Palette item 0: R 00, G 00, B 00, Transaparent color
Trace|Palette item 1: R FF, G FF, B FF
Trace|Palette item 2: R 00, G 00, B 00
Trace|Palette item 3: R 00, G 00, B FF
Trace|Palette item 4: R FF, G 00, B 00
Trace|Palette item 5: R 00, G FF, B FF
Trace|Palette item 6: R FF, G 00, B FF
Trace|Palette item 7: R 00, G FF, B 00
Trace|Palette item 8: R FF, G FF, B 00
Trace|Writing image header...
Trace|Width: 25, Height: 25, RowLength: 13
Trace|BPP: 4, PaletteColors: 9, Transaparency: 1
Trace|Writing palette...
Trace|Writing image...
Trace|Image 59 offset is 26890...
Debug|Encoding image 59...
Trace|Extracting palette...
Trace|Palette item 0: R 00, G 00, B 00, Transaparent color
Trace|Palette item 1: R FF, G 00, B 00
Trace|Palette item 2: R 00, G 00, B 00
Trace|Palette item 3: R FF, G 00, B FF
Trace|Palette item 4: R 00, G 00, B FF
Trace|Palette item 5: R FF, G FF, B FF
Trace|Palette item 6: R FF, G FF, B 00
Trace|Palette item 7: R 00, G FF, B FF
Trace|Writing image header...
Trace|Width: 25, Height: 25, RowLength: 13
Trace|BPP: 4, PaletteColors: 8, Transaparency: 1
Trace|Writing palette...
Trace|Writing image...
Trace|Image 60 offset is 27263...
Debug|Encoding image 60...
Trace|Extracting palette...
Trace|Palette item 0: R FF, G FF, B FF
Trace|Writing image header...
Trace|Width: 11, Height: 3, RowLength: 2
Trace|BPP: 1, PaletteColors: 1, Transaparency: 0
Trace|Writing palette...
Trace|Writing image...
Trace|Image 61 offset is 27289...
Debug|Encoding image 61...
Trace|Extracting palette...
Trace|Palette item 0: R FF, G FF, B FF
Trace|Writing image header...
Trace|Width: 11, Height: 3, RowLength: 2
Trace|BPP: 1, PaletteColors: 1, Transaparency: 0
Trace|Writing palette...
Trace|Writing image...
Trace|Image 62 offset is 27315...
Debug|Encoding image 62...
Trace|Extracting palette...
Trace|Palette item 0: R FF, G FF, B FF
Trace|Writing image header...
Trace|Width: 11, Height: 3, RowLength: 2
Trace|BPP: 1, PaletteColors: 1, Transaparency: 0
Trace|Writing palette...
Trace|Writing image...
Trace|Image 63 offset is 27341...
Debug|Encoding image 63...
Trace|Extracting palette...
Trace|Palette item 0: R FF, G FF, B FF
Trace|Writing image header...
Trace|Width: 11, Height: 3, RowLength: 2
Trace|BPP: 1, PaletteColors: 1, Transaparency: 0
Trace|Writing palette...
Trace|Writing image...
Trace|Image 64 offset is 27367...
Debug|Encoding image 64...
Trace|Extracting palette...
Trace|Palette item 0: R FF, G FF, B FF
Trace|Writing image header...
Trace|Width: 11, Height: 3, RowLength: 2
Trace|BPP: 1, PaletteColors: 1, Transaparency: 0
Trace|Writing palette...
Trace|Writing image...
Trace|Image 65 offset is 27393...
Debug|Encoding image 65...
Trace|Extracting palette...
Trace|Palette item 0: R FF, G FF, B FF
Trace|Writing image header...
Trace|Width: 11, Height: 3, RowLength: 2
Trace|BPP: 1, PaletteColors: 1, Transaparency: 0
Trace|Writing palette...
Trace|Writing image...
Trace|Image 66 offset is 27419...
Debug|Encoding image 66...
Trace|Extracting palette...
Trace|Palette item 0: R FF, G FF, B FF
Trace|Writing image header...
Trace|Width: 11, Height: 3, RowLength: 2
Trace|BPP: 1, PaletteColors: 1, Transaparency: 0
Trace|Writing palette...
Trace|Writing image...
Trace|Image 67 offset is 27445...
Debug|Encoding image 67...
Trace|Extracting palette...
Trace|Palette item 0: R FF, G FF, B FF
Trace|Writing image header...
Trace|Width: 11, Height: 3, RowLength: 2
Trace|BPP: 1, PaletteColors: 1, Transaparency: 0
Trace|Writing palette...
Trace|Writing image...
Trace|Image 68 offset is 27471...
Debug|Encoding image 68...
Trace|Extracting palette...
Trace|Palette item 0: R FF, G FF, B FF
Trace|Writing image header...
Trace|Width: 11, Height: 3, RowLength: 2
Trace|BPP: 1, PaletteColors: 1, Transaparency: 0
Trace|Writing palette...
Trace|Writing image...
Trace|Image 69 offset is 27497...
Debug|Encoding image 69...
Trace|Extracting palette...
Trace|Palette item 0: R FF, G FF, B FF
Trace|Writing image header...
Trace|Width: 11, Height: 3, RowLength: 2
Trace|BPP: 1, PaletteColors: 1, Transaparency: 0
Trace|Writing palette...
Trace|Writing image...
Trace|Image 70 offset is 27523...
Debug|Encoding image 70...
Trace|Extracting palette...
Trace|Palette item 0: R FF, G FF, B FF
Trace|Writing image header...
Trace|Width: 11, Height: 3, RowLength: 2
Trace|BPP: 1, PaletteColors: 1, Transaparency: 0
Trace|Writing palette...
Trace|Writing image...
Trace|Image 71 offset is 27549...
Debug|Encoding image 71...
Trace|Extracting palette...
Trace|Palette item 0: R FF, G FF, B FF
Trace|Writing image header...
Trace|Width: 11, Height: 3, RowLength: 2
Trace|BPP: 1, PaletteColors: 1, Transaparency: 0
Trace|Writing palette...
Trace|Writing image...
Trace|Image 72 offset is 27575...
Debug|Encoding image 72...
Trace|Extracting palette...
Trace|Palette item 0: R FF, G FF, B FF
Trace|Writing image header...
Trace|Width: 11, Height: 3, RowLength: 2
Trace|BPP: 1, PaletteColors: 1, Transaparency: 0
Trace|Writing palette...
Trace|Writing image...
Trace|Image 73 offset is 27601...
Debug|Encoding image 73...
Trace|Extracting palette...
Trace|Palette item 0: R FF, G FF, B FF
Trace|Writing image header...
Trace|Width: 11, Height: 3, RowLength: 2
Trace|BPP: 1, PaletteColors: 1, Transaparency: 0
Trace|Writing palette...
Trace|Writing image...
Trace|Image 74 offset is 27627...
Debug|Encoding image 74...
Trace|Extracting palette...
Trace|Palette item 0: R FF, G FF, B FF
Trace|Writing image header...
Trace|Width: 11, Height: 3, RowLength: 2
Trace|BPP: 1, PaletteColors: 1, Transaparency: 0
Trace|Writing palette...
Trace|Writing image...
Trace|Image 75 offset is 27653...
Debug|Encoding image 75...
Trace|Extracting palette...
Trace|Palette item 0: R FF, G FF, B FF
Trace|Writing image header...
Trace|Width: 11, Height: 3, RowLength: 2
Trace|BPP: 1, PaletteColors: 1, Transaparency: 0
Trace|Writing palette...
Trace|Writing image...
Trace|Image 76 offset is 27679...
Debug|Encoding image 76...
Trace|Extracting palette...
Trace|Palette item 0: R 00, G 00, B 00, Transaparent color
Trace|Palette item 1: R 00, G FF, B FF
Trace|Writing image header...
Trace|Width: 12, Height: 10, RowLength: 2
Trace|BPP: 1, PaletteColors: 2, Transaparency: 1
Trace|Writing palette...
Trace|Writing image...
Trace|Image 77 offset is 27723...
Debug|Encoding image 77...
Trace|Extracting palette...
Trace|Palette item 0: R 00, G 00, B 00, Transaparent color
Trace|Palette item 1: R FF, G 00, B 00
Trace|Writing image header...
Trace|Width: 12, Height: 10, RowLength: 2
Trace|BPP: 1, PaletteColors: 2, Transaparency: 1
Trace|Writing palette...
Trace|Writing image...
Trace|Image 78 offset is 27767...
Debug|Encoding image 78...
Trace|Extracting palette...
Trace|Palette item 0: R 00, G 00, B 00, Transaparent color
Trace|Palette item 1: R FF, G FF, B FF
Trace|Writing image header...
Trace|Width: 10, Height: 11, RowLength: 2
Trace|BPP: 1, PaletteColors: 2, Transaparency: 1
Trace|Writing palette...
Trace|Writing image...
Trace|Image 79 offset is 27813...
Debug|Encoding image 79...
Trace|Extracting palette...
Trace|Palette item 0: R 00, G 00, B 00, Transaparent color
Trace|Palette item 1: R FF, G FF, B FF
Trace|Writing image header...
Trace|Width: 10, Height: 11, RowLength: 2
Trace|BPP: 1, PaletteColors: 2, Transaparency: 1
Trace|Writing palette...
Trace|Writing image...
Trace|Image 80 offset is 27859...
Debug|Encoding image 80...
Trace|Extracting palette...
Trace|Palette item 0: R 00, G 00, B 00, Transaparent color
Trace|Palette item 1: R FF, G FF, B FF
Trace|Writing image header...
Trace|Width: 9, Height: 11, RowLength: 2
Trace|BPP: 1, PaletteColors: 2, Transaparency: 1
Trace|Writing palette...
Trace|Writing image...
Trace|Image 81 offset is 27905...
Debug|Encoding image 81...
Trace|Extracting palette...
Trace|Palette item 0: R FF, G FF, B FF
Trace|Writing image header...
Trace|Width: 3, Height: 10, RowLength: 1
Trace|BPP: 1, PaletteColors: 1, Transaparency: 0
Trace|Writing palette...
Trace|Writing image...
Trace|Image 82 offset is 27935...
Debug|Encoding image 82...
Trace|Extracting palette...
Trace|Palette item 0: R FF, G FF, B FF
Trace|Writing image header...
Trace|Width: 3, Height: 10, RowLength: 1
Trace|BPP: 1, PaletteColors: 1, Transaparency: 0
Trace|Writing palette...
Trace|Writing image...
Trace|Image 83 offset is 27965...
Debug|Encoding image 83...
Trace|Extracting palette...
Trace|Palette item 0: R FF, G FF, B FF
Trace|Writing image header...
Trace|Width: 3, Height: 10, RowLength: 1
Trace|BPP: 1, PaletteColors: 1, Transaparency: 0
Trace|Writing palette...
Trace|Writing image...
Trace|Image 84 offset is 27995...
Debug|Encoding image 84...
Trace|Extracting palette...
Trace|Palette item 0: R FF, G FF, B FF
Trace|Writing image header...
Trace|Width: 3, Height: 10, RowLength: 1
Trace|BPP: 1, PaletteColors: 1, Transaparency: 0
Trace|Writing palette...
Trace|Writing image...
Trace|Image 85 offset is 28025...
Debug|Encoding image 85...
Trace|Extracting palette...
Trace|Palette item 0: R FF, G FF, B FF
Trace|Writing image header...
Trace|Width: 3, Height: 10, RowLength: 1
Trace|BPP: 1, PaletteColors: 1, Transaparency: 0
Trace|Writing palette...
Trace|Writing image...
Trace|Image 86 offset is 28055...
Debug|Encoding image 86...
Trace|Extracting palette...
Trace|Palette item 0: R FF, G FF, B FF
Trace|Writing image header...
Trace|Width: 3, Height: 10, RowLength: 1
Trace|BPP: 1, PaletteColors: 1, Transaparency: 0
Trace|Writing palette...
Trace|Writing image...
Trace|Writing images offsets table
Debug|Writing images
